<?xml version="1.0" encoding="UTF-8"?>
<testsuite name="tests.astrium.AstriumTests-20211102172053" tests="17" file="tests/astrium.py" time="104.789" timestamp="2021-11-02T17:22:44" failures="0" errors="0" skipped="2">
	<testcase classname="tests.astrium.AstriumTests" name="test_WHEN_brake_called_THEN_state_is_BRAKE" time="1.146" timestamp="2021-11-02T17:21:00" file="system_tests\tests\astrium.py" line="80"/>
	<testcase classname="tests.astrium.AstriumTests" name="test_WHEN_frequency_set_to_180_THEN_actual_setpoint_not_updated" time="1.070" timestamp="2021-11-02T17:21:01" file="system_tests\tests\astrium.py" line="74"/>
	<testcase classname="tests.astrium.AstriumTests" name="test_WHEN_speed_set_THEN_state_is_POSITION" time="1.078" timestamp="2021-11-02T17:21:03" file="system_tests\tests\astrium.py" line="85"/>
	<testcase classname="tests.astrium.AstriumTests" name="test_that_WHEN_setting_the_frequency_setpoint_THEN_it_is_set_0_20" time="1.061" timestamp="2021-11-02T17:21:04" file="system_tests\tests\astrium.py" line="531"/>
	<testcase classname="tests.astrium.AstriumTests" name="test_that_WHEN_setting_the_frequency_setpoint_THEN_it_is_set_1_140" time="1.069" timestamp="2021-11-02T17:21:05" file="system_tests\tests\astrium.py" line="531"/>
	<testcase classname="tests.astrium.AstriumTests" name="test_that_WHEN_setting_the_frequency_setpoint_THEN_it_is_set_2_280" time="1.070" timestamp="2021-11-02T17:21:06" file="system_tests\tests\astrium.py" line="531"/>
	<testcase classname="tests.astrium.AstriumTests" name="test_that_WHEN_setting_the_frequency_setpoint_THEN_it_is_set_3_0" time="1.085" timestamp="2021-11-02T17:21:07" file="system_tests\tests\astrium.py" line="531"/>
	<testcase classname="tests.astrium.AstriumTests" name="test_that_WHEN_setting_the_phase_setpoint_THEN_it_is_set_0_0_0" time="1.073" timestamp="2021-11-02T17:21:08" file="system_tests\tests\astrium.py" line="531"/>
	<testcase classname="tests.astrium.AstriumTests" name="test_that_WHEN_setting_the_phase_setpoint_THEN_it_is_set_1_0_01" time="1.068" timestamp="2021-11-02T17:21:09" file="system_tests\tests\astrium.py" line="531"/>
	<testcase classname="tests.astrium.AstriumTests" name="test_that_WHEN_setting_the_phase_setpoint_THEN_it_is_set_2_123_45" time="1.073" timestamp="2021-11-02T17:21:10" file="system_tests\tests\astrium.py" line="531"/>
	<testcase classname="tests.astrium.AstriumTests" name="test_that_WHEN_setting_the_phase_setpoint_THEN_it_is_set_3_999_99" time="1.056" timestamp="2021-11-02T17:21:11" file="system_tests\tests\astrium.py" line="531"/>
	<testcase classname="tests.astrium.AstriumTests" name="test_that_WHEN_setting_the_phase_setpoint_and_then_speed_THEN_phases_to_the_correct_place_0_0_0" time="23.251" timestamp="2021-11-02T17:21:34" file="system_tests\tests\astrium.py" line="531">
		<!--This test simulates the bug in https://github.com/ISISComputingGroup/IBEX/issues/4123 [with *args=('0.0', 0.0)]
        -->
	</testcase>
	<testcase classname="tests.astrium.AstriumTests" name="test_that_WHEN_setting_the_phase_setpoint_and_then_speed_THEN_phases_to_the_correct_place_1_0_01" time="23.249" timestamp="2021-11-02T17:21:58" file="system_tests\tests\astrium.py" line="531">
		<!--This test simulates the bug in https://github.com/ISISComputingGroup/IBEX/issues/4123 [with *args=('0.01', 0.01)]
        -->
	</testcase>
	<testcase classname="tests.astrium.AstriumTests" name="test_that_WHEN_setting_the_phase_setpoint_and_then_speed_THEN_phases_to_the_correct_place_2_123_45" time="23.213" timestamp="2021-11-02T17:22:21" file="system_tests\tests\astrium.py" line="531">
		<!--This test simulates the bug in https://github.com/ISISComputingGroup/IBEX/issues/4123 [with *args=('123.45', 123.45)]
        -->
	</testcase>
	<testcase classname="tests.astrium.AstriumTests" name="test_that_WHEN_setting_the_phase_setpoint_and_then_speed_THEN_phases_to_the_correct_place_3_999_99" time="23.225" timestamp="2021-11-02T17:22:44" file="system_tests\tests\astrium.py" line="531">
		<!--This test simulates the bug in https://github.com/ISISComputingGroup/IBEX/issues/4123 [with *args=('999.99', 999.99)]
        -->
	</testcase>
	<testcase classname="tests.astrium.AstriumTests" name="test_WHEN_both_channels_state_ESTOP_THEN_calibration_enabled" time="0.001" timestamp="2021-11-02T17:20:59" file="system_tests\tests\astrium.py" line="99">
		<skipped type="skip" message="No backdoor to state in devsim"/>
	</testcase>
	<testcase classname="tests.astrium.AstriumTests" name="test_WHEN_one_channel_state_not_ESTOP_THEN_calibration_disabled" time="0.001" timestamp="2021-11-02T17:21:01" file="system_tests\tests\astrium.py" line="90">
		<skipped type="skip" message="No backdoor to state in devsim"/>
	</testcase>
</testsuite>
