<?xml version="1.0" encoding="UTF-8"?>
<testsuite name="tests.astrium.AstriumTests-20211102172027" tests="17" file="tests/astrium.py" time="14.311" timestamp="2021-11-02T17:20:48" failures="0" errors="0" skipped="6">
	<testcase classname="tests.astrium.AstriumTests" name="test_WHEN_both_channels_state_ESTOP_THEN_calibration_enabled" time="2.370" timestamp="2021-11-02T17:20:36" file="system_tests\tests\astrium.py" line="99"/>
	<testcase classname="tests.astrium.AstriumTests" name="test_WHEN_frequency_set_to_180_THEN_actual_setpoint_not_updated" time="1.196" timestamp="2021-11-02T17:20:37" file="system_tests\tests\astrium.py" line="74"/>
	<testcase classname="tests.astrium.AstriumTests" name="test_WHEN_one_channel_state_not_ESTOP_THEN_calibration_disabled" time="2.154" timestamp="2021-11-02T17:20:39" file="system_tests\tests\astrium.py" line="90"/>
	<testcase classname="tests.astrium.AstriumTests" name="test_that_WHEN_setting_the_frequency_setpoint_THEN_it_is_set_0_20" time="1.064" timestamp="2021-11-02T17:20:40" file="system_tests\tests\astrium.py" line="531"/>
	<testcase classname="tests.astrium.AstriumTests" name="test_that_WHEN_setting_the_frequency_setpoint_THEN_it_is_set_1_140" time="1.058" timestamp="2021-11-02T17:20:41" file="system_tests\tests\astrium.py" line="531"/>
	<testcase classname="tests.astrium.AstriumTests" name="test_that_WHEN_setting_the_frequency_setpoint_THEN_it_is_set_2_280" time="1.055" timestamp="2021-11-02T17:20:42" file="system_tests\tests\astrium.py" line="531"/>
	<testcase classname="tests.astrium.AstriumTests" name="test_that_WHEN_setting_the_frequency_setpoint_THEN_it_is_set_3_0" time="1.052" timestamp="2021-11-02T17:20:43" file="system_tests\tests\astrium.py" line="531"/>
	<testcase classname="tests.astrium.AstriumTests" name="test_that_WHEN_setting_the_phase_setpoint_THEN_it_is_set_0_0_0" time="1.153" timestamp="2021-11-02T17:20:45" file="system_tests\tests\astrium.py" line="531"/>
	<testcase classname="tests.astrium.AstriumTests" name="test_that_WHEN_setting_the_phase_setpoint_THEN_it_is_set_1_0_01" time="1.071" timestamp="2021-11-02T17:20:46" file="system_tests\tests\astrium.py" line="531"/>
	<testcase classname="tests.astrium.AstriumTests" name="test_that_WHEN_setting_the_phase_setpoint_THEN_it_is_set_2_123_45" time="1.076" timestamp="2021-11-02T17:20:47" file="system_tests\tests\astrium.py" line="531"/>
	<testcase classname="tests.astrium.AstriumTests" name="test_that_WHEN_setting_the_phase_setpoint_THEN_it_is_set_3_999_99" time="1.057" timestamp="2021-11-02T17:20:48" file="system_tests\tests\astrium.py" line="531"/>
	<testcase classname="tests.astrium.AstriumTests" name="test_WHEN_brake_called_THEN_state_is_BRAKE" time="0.000" timestamp="2021-11-02T17:20:36" file="system_tests\tests\astrium.py" line="80">
		<skipped type="skip" message="No state changes in recsim"/>
	</testcase>
	<testcase classname="tests.astrium.AstriumTests" name="test_WHEN_speed_set_THEN_state_is_POSITION" time="0.001" timestamp="2021-11-02T17:20:39" file="system_tests\tests\astrium.py" line="85">
		<skipped type="skip" message="No state changes in recsim"/>
	</testcase>
	<testcase classname="tests.astrium.AstriumTests" name="test_that_WHEN_setting_the_phase_setpoint_and_then_speed_THEN_phases_to_the_correct_place_0_0_0" time="0.001" timestamp="2021-11-02T17:20:48" file="system_tests\tests\astrium.py" line="531">
		<!--This test simulates the bug in https://github.com/ISISComputingGroup/IBEX/issues/4123 [with *args=('0.0', 0.0)]
        -->
		<skipped type="skip" message="Behaviour of phase readback not implemented in recsim"/>
	</testcase>
	<testcase classname="tests.astrium.AstriumTests" name="test_that_WHEN_setting_the_phase_setpoint_and_then_speed_THEN_phases_to_the_correct_place_1_0_01" time="0.001" timestamp="2021-11-02T17:20:48" file="system_tests\tests\astrium.py" line="531">
		<!--This test simulates the bug in https://github.com/ISISComputingGroup/IBEX/issues/4123 [with *args=('0.01', 0.01)]
        -->
		<skipped type="skip" message="Behaviour of phase readback not implemented in recsim"/>
	</testcase>
	<testcase classname="tests.astrium.AstriumTests" name="test_that_WHEN_setting_the_phase_setpoint_and_then_speed_THEN_phases_to_the_correct_place_2_123_45" time="0.000" timestamp="2021-11-02T17:20:48" file="system_tests\tests\astrium.py" line="531">
		<!--This test simulates the bug in https://github.com/ISISComputingGroup/IBEX/issues/4123 [with *args=('123.45', 123.45)]
        -->
		<skipped type="skip" message="Behaviour of phase readback not implemented in recsim"/>
	</testcase>
	<testcase classname="tests.astrium.AstriumTests" name="test_that_WHEN_setting_the_phase_setpoint_and_then_speed_THEN_phases_to_the_correct_place_3_999_99" time="0.001" timestamp="2021-11-02T17:20:48" file="system_tests\tests\astrium.py" line="531">
		<!--This test simulates the bug in https://github.com/ISISComputingGroup/IBEX/issues/4123 [with *args=('999.99', 999.99)]
        -->
		<skipped type="skip" message="Behaviour of phase readback not implemented in recsim"/>
	</testcase>
</testsuite>
